<?xml version="1.0" encoding="UTF-8" ?>
<testsuite errors="0" failures="0" hostname="PC-20140423DRLO" name="org.com.yu.zhao.HelloAntTest" skipped="0" tests="1" time="0.063" timestamp="2015-01-25T11:28:42">
  <properties>
    <property name="java.vendor" value="Oracle Corporation" />
    <property name="sun.java.launcher" value="SUN_STANDARD" />
    <property name="sun.management.compiler" value="HotSpot 64-Bit Tiered Compilers" />
    <property name="test.class.dir" value="D:\ant\anttest/test/classes" />
    <property name="os.name" value="Windows 7" />
    <property name="sun.boot.class.path" value="C:\java\jre\lib\resources.jar;C:\java\jre\lib\rt.jar;C:\java\jre\lib\sunrsasign.jar;C:\java\jre\lib\jsse.jar;C:\java\jre\lib\jce.jar;C:\java\jre\lib\charsets.jar;C:\java\jre\lib\jfr.jar;C:\java\jre\classes" />
    <property name="ant.file.type.structured" value="file" />
    <property name="sun.desktop" value="windows" />
    <property name="java.vm.specification.vendor" value="Oracle Corporation" />
    <property name="ant.home" value="D:\ant\apache-ant-1.9.4-bin\apache-ant-1.9.4\bin\.." />
    <property name="java.runtime.version" value="1.7.0_55-b13" />
    <property name="ant.file.structured" value="D:\ant\anttest\build.xml" />
    <property name="user.name" value="hadoop" />
    <property name="build.dir" value="D:\ant\anttest/build" />
    <property name="user.language" value="zh" />
    <property name="sun.boot.library.path" value="C:\java\jre\bin" />
    <property name="ant.project.default-target" value="archive" />
    <property name="ant.project.name" value="structured" />
    <property name="java.version" value="1.7.0_55" />
    <property name="user.timezone" value="" />
    <property name="sun.arch.data.model" value="64" />
    <property name="java.endorsed.dirs" value="C:\java\jre\lib\endorsed" />
    <property name="sun.cpu.isalist" value="amd64" />
    <property name="sun.jnu.encoding" value="GBK" />
    <property name="file.encoding.pkg" value="sun.io" />
    <property name="file.separator" value="\" />
    <property name="java.specification.name" value="Java Platform API Specification" />
    <property name="java.class.version" value="51.0" />
    <property name="src.class.dir" value="D:\ant\anttest/build/classes" />
    <property name="user.country" value="CN" />
    <property name="java.home" value="C:\java\jre" />
    <property name="dist.dir" value="D:\ant\anttest/dist" />
    <property name="java.vm.info" value="mixed mode" />
    <property name="ant.file" value="D:\ant\anttest\build.xml" />
    <property name="os.version" value="6.1" />
    <property name="path.separator" value=";" />
    <property name="java.vm.version" value="24.55-b03" />
    <property name="report.dir" value="D:\ant\anttest/report" />
    <property name="user.variant" value="" />
    <property name="ant.library.dir" value="D:\ant\apache-ant-1.9.4-bin\apache-ant-1.9.4\lib" />
    <property name="java.awt.printerjob" value="sun.awt.windows.WPrinterJob" />
    <property name="sun.io.unicode.encoding" value="UnicodeLittle" />
    <property name="awt.toolkit" value="sun.awt.windows.WToolkit" />
    <property name="user.script" value="" />
    <property name="user.home" value="C:\Users\Administrator" />
    <property name="java.specification.vendor" value="Oracle Corporation" />
    <property name="test.dir" value="D:\ant\anttest/test" />
    <property name="java.library.path" value="C:\java\jre\bin;C:\Windows\Sun\Java\bin;C:\Windows\system32;C:\Windows;C:\Program Files (x86)\Common Files\NetSarang;C:\Windows\system32;C:\Windows;C:\Windows\System32\Wbem;C:\Windows\System32\WindowsPowerShell\v1.0\;C:\java\bin;C:\java\jre\bin;C:\Python27;C:\Program Files (x86)\MySQL\MySQL Server 5.5\bin;D:\php;D:\java定时程序\apache-maven-3.2.2-bin\apache-maven-3.2.2\bin;C:\Python27\Scripts;C:\MinGW\bin;I:\VisualSVN Server\bin;C:\Program Files\TortoiseSVN\bin;C:\CTEX\UserData\miktex\bin;C:\CTEX\MiKTeX\miktex\bin;C:\CTEX\CTeX\ctex\bin;C:\CTEX\CTeX\cct\bin;C:\CTEX\CTeX\ty\bin;C:\CTEX\Ghostscript\gs9.05\bin;C:\CTEX\GSview\gsview;C:\CTEX\WinEdt;D:\ant\apache-ant-1.9.4-bin\apache-ant-1.9.4\bin;C:\Program Files (x86)\IDM Computer Solutions\UltraEdit\;." />
    <property name="java.vendor.url" value="http://java.oracle.com/" />
    <property name="java.vm.vendor" value="Oracle Corporation" />
    <property name="java.runtime.name" value="Java(TM) SE Runtime Environment" />
    <property name="sun.java.command" value="org.apache.tools.ant.taskdefs.optional.junit.JUnitTestRunner org.com.yu.zhao.HelloAntTest skipNonTests=false filtertrace=true haltOnError=false haltOnFailure=false formatter=org.apache.tools.ant.taskdefs.optional.junit.SummaryJUnitResultFormatter showoutput=true outputtoformatters=true logfailedtests=true threadid=0 logtestlistenerevents=false formatter=org.apache.tools.ant.taskdefs.optional.junit.XMLJUnitResultFormatter,D:\ant\anttest\TEST-org.com.yu.zhao.HelloAntTest.xml crashfile=D:\ant\anttest\junitvmwatcher3220137477108165956.properties propsfile=D:\ant\anttest\junit4149884248953120049.properties" />
    <property name="java.class.path" value="D:\ant\anttest\test\classes;D:\ant\anttest\build\classes;D:\ant\anttest\src;D:\ant\anttest\lib\junit-4.8.2.jar;D:\ant\anttest;C:\java\lib\dt.jar;C:\java\lib\tools.jar;C:\jython2.5.2;D:\ant\apache-ant-1.9.4-bin\apache-ant-1.9.4\lib\ant-launcher.jar;D:\ant\apache-ant-1.9.4-bin\apache-ant-1.9.4\lib\ant.jar;D:\ant\apache-ant-1.9.4-bin\apache-ant-1.9.4\lib\ant-junit.jar;D:\ant\apache-ant-1.9.4-bin\apache-ant-1.9.4\lib\ant-junit4.jar" />
    <property name="ant.version" value="Apache Ant(TM) version 1.9.4 compiled on April 29 2014" />
    <property name="java.vm.specification.name" value="Java Virtual Machine Specification" />
    <property name="ant.file.type" value="file" />
    <property name="java.vm.specification.version" value="1.7" />
    <property name="sun.cpu.endian" value="little" />
    <property name="sun.os.patch.level" value="Service Pack 1" />
    <property name="java.io.tmpdir" value="C:\Users\ADMINI~1\AppData\Local\Temp\" />
    <property name="java.vendor.url.bug" value="http://bugreport.sun.com/bugreport/" />
    <property name="os.arch" value="amd64" />
    <property name="java.awt.graphicsenv" value="sun.awt.Win32GraphicsEnvironment" />
    <property name="java.ext.dirs" value="C:\java\jre\lib\ext;C:\Windows\Sun\Java\lib\ext" />
    <property name="user.dir" value="D:\ant\anttest" />
    <property name="line.separator" value="&#xd;&#xa;" />
    <property name="java.vm.name" value="Java HotSpot(TM) 64-Bit Server VM" />
    <property name="basedir" value="D:\ant\anttest" />
    <property name="ant.java.version" value="1.7" />
    <property name="ant.core.lib" value="D:\ant\apache-ant-1.9.4-bin\apache-ant-1.9.4\lib\ant.jar" />
    <property name="file.encoding" value="GBK" />
    <property name="java.specification.version" value="1.7" />
    <property name="src.dir" value="D:\ant\anttest/src" />
    <property name="ant.project.invoked-targets" value="archive" />
  </properties>
  <testcase classname="org.com.yu.zhao.HelloAntTest" name="test" time="0.002" />
  <system-out><![CDATA[]]></system-out>
  <system-err><![CDATA[]]></system-err>
</testsuite>
